<?xml version="1.0" encoding="UTF-8"?>
<testng-results ignored="9" total="266" passed="200" failed="57" skipped="0">
  <reporter-output>
  </reporter-output>
  <suite started-at="2023-09-28T15:26:19 IST" name="Suite" finished-at="2023-09-28T16:20:38 IST" duration-ms="3258851">
    <groups>
    </groups>
    <test started-at="2023-09-28T15:26:19 IST" name="Test" finished-at="2023-09-28T16:20:38 IST" duration-ms="3258851">
      <class name="TestCases.CCP">
        <test-method is-config="true" signature="setUp()[pri:0, instance:TestCases.CCP@29647f75]" started-at="2023-09-28T15:47:15 IST" name="setUp" finished-at="2023-09-28T15:47:17 IST" duration-ms="1535" status="PASS">
          <reporter-output>
          </reporter-output>
        </test-method> <!-- setUp -->
        <test-method signature="LoginAgency()[pri:0, instance:TestCases.CCP@29647f75]" started-at="2023-09-28T15:47:17 IST" name="LoginAgency" finished-at="2023-09-28T15:47:35 IST" duration-ms="18724" status="PASS">
          <reporter-output>
          </reporter-output>
        </test-method> <!-- LoginAgency -->
        <test-method is-config="true" signature="flushReport(java.lang.reflect.Method,org.testng.ITestResult)[pri:0, instance:TestCases.CCP@29647f75]" started-at="2023-09-28T15:47:35 IST" name="flushReport" finished-at="2023-09-28T15:47:35 IST" duration-ms="25" status="PASS">
          <params>
            <param index="0">
              <value>
                <![CDATA[public void TestCases.CCP.LoginAgency() throws java.lang.InterruptedException]]>
              </value>
            </param>
            <param index="1">
              <value>
                <![CDATA[[TestResult name=LoginAgency status=SUCCESS method=CCP.LoginAgency()[pri:0, instance:TestCases.CCP@29647f75] output={null}]]]>
              </value>
            </param>
          </params>
          <reporter-output>
          </reporter-output>
        </test-method> <!-- flushReport -->
        <test-method signature="CCP_GlobalValidationMsgForNoData()[pri:1, instance:TestCases.CCP@29647f75]" started-at="2023-09-28T15:47:35 IST" name="CCP_GlobalValidationMsgForNoData" finished-at="2023-09-28T15:47:39 IST" duration-ms="4089" status="PASS">
          <reporter-output>
          </reporter-output>
        </test-method> <!-- CCP_GlobalValidationMsgForNoData -->
        <test-method is-config="true" signature="flushReport(java.lang.reflect.Method,org.testng.ITestResult)[pri:0, instance:TestCases.CCP@29647f75]" started-at="2023-09-28T15:47:39 IST" name="flushReport" finished-at="2023-09-28T15:47:39 IST" duration-ms="22" status="PASS">
          <params>
            <param index="0">
              <value>
                <![CDATA[public void TestCases.CCP.CCP_GlobalValidationMsgForNoData() throws java.lang.InterruptedException]]>
              </value>
            </param>
            <param index="1">
              <value>
                <![CDATA[[TestResult name=CCP_GlobalValidationMsgForNoData status=SUCCESS method=CCP.CCP_GlobalValidationMsgForNoData()[pri:1, instance:TestCases.CCP@29647f75] output={null}]]]>
              </value>
            </param>
          </params>
          <reporter-output>
          </reporter-output>
        </test-method> <!-- flushReport -->
        <test-method signature="CCP_DefaultInfoMsgOnLOcationTile()[pri:2, instance:TestCases.CCP@29647f75]" started-at="2023-09-28T15:47:39 IST" name="CCP_DefaultInfoMsgOnLOcationTile" finished-at="2023-09-28T15:47:39 IST" duration-ms="55" status="PASS">
          <reporter-output>
          </reporter-output>
        </test-method> <!-- CCP_DefaultInfoMsgOnLOcationTile -->
        <test-method is-config="true" signature="flushReport(java.lang.reflect.Method,org.testng.ITestResult)[pri:0, instance:TestCases.CCP@29647f75]" started-at="2023-09-28T15:47:39 IST" name="flushReport" finished-at="2023-09-28T15:47:40 IST" duration-ms="20" status="PASS">
          <params>
            <param index="0">
              <value>
                <![CDATA[public void TestCases.CCP.CCP_DefaultInfoMsgOnLOcationTile() throws java.lang.InterruptedException]]>
              </value>
            </param>
            <param index="1">
              <value>
                <![CDATA[[TestResult name=CCP_DefaultInfoMsgOnLOcationTile status=SUCCESS method=CCP.CCP_DefaultInfoMsgOnLOcationTile()[pri:2, instance:TestCases.CCP@29647f75] output={null}]]]>
              </value>
            </param>
          </params>
          <reporter-output>
          </reporter-output>
        </test-method> <!-- flushReport -->
        <test-method signature="CCP_ValidationMsgOutsideAgencyBoundary()[pri:3, instance:TestCases.CCP@29647f75]" started-at="2023-09-28T15:47:40 IST" name="CCP_ValidationMsgOutsideAgencyBoundary" finished-at="2023-09-28T15:47:42 IST" duration-ms="2437" status="PASS">
          <reporter-output>
          </reporter-output>
        </test-method> <!-- CCP_ValidationMsgOutsideAgencyBoundary -->
        <test-method is-config="true" signature="flushReport(java.lang.reflect.Method,org.testng.ITestResult)[pri:0, instance:TestCases.CCP@29647f75]" started-at="2023-09-28T15:47:42 IST" name="flushReport" finished-at="2023-09-28T15:47:42 IST" duration-ms="19" status="PASS">
          <params>
            <param index="0">
              <value>
                <![CDATA[public void TestCases.CCP.CCP_ValidationMsgOutsideAgencyBoundary() throws java.lang.InterruptedException]]>
              </value>
            </param>
            <param index="1">
              <value>
                <![CDATA[[TestResult name=CCP_ValidationMsgOutsideAgencyBoundary status=SUCCESS method=CCP.CCP_ValidationMsgOutsideAgencyBoundary()[pri:3, instance:TestCases.CCP@29647f75] output={null}]]]>
              </value>
            </param>
          </params>
          <reporter-output>
          </reporter-output>
        </test-method> <!-- flushReport -->
        <test-method signature="CCP_SearchAndAddAddress()[pri:4, instance:TestCases.CCP@29647f75]" started-at="2023-09-28T15:47:42 IST" name="CCP_SearchAndAddAddress" finished-at="2023-09-28T15:47:45 IST" duration-ms="2650" status="PASS">
          <reporter-output>
          </reporter-output>
        </test-method> <!-- CCP_SearchAndAddAddress -->
        <test-method is-config="true" signature="flushReport(java.lang.reflect.Method,org.testng.ITestResult)[pri:0, instance:TestCases.CCP@29647f75]" started-at="2023-09-28T15:47:45 IST" name="flushReport" finished-at="2023-09-28T15:47:45 IST" duration-ms="17" status="PASS">
          <params>
            <param index="0">
              <value>
                <![CDATA[public void TestCases.CCP.CCP_SearchAndAddAddress() throws java.lang.InterruptedException]]>
              </value>
            </param>
            <param index="1">
              <value>
                <![CDATA[[TestResult name=CCP_SearchAndAddAddress status=SUCCESS method=CCP.CCP_SearchAndAddAddress()[pri:4, instance:TestCases.CCP@29647f75] output={null}]]]>
              </value>
            </param>
          </params>
          <reporter-output>
          </reporter-output>
        </test-method> <!-- flushReport -->
        <test-method signature="CCP_OpenAddAddressManuallyPopup()[pri:5, instance:TestCases.CCP@29647f75]" started-at="2023-09-28T15:47:45 IST" name="CCP_OpenAddAddressManuallyPopup" finished-at="2023-09-28T15:47:45 IST" duration-ms="336" status="PASS">
          <reporter-output>
          </reporter-output>
        </test-method> <!-- CCP_OpenAddAddressManuallyPopup -->
        <test-method is-config="true" signature="flushReport(java.lang.reflect.Method,org.testng.ITestResult)[pri:0, instance:TestCases.CCP@29647f75]" started-at="2023-09-28T15:47:45 IST" name="flushReport" finished-at="2023-09-28T15:47:45 IST" duration-ms="25" status="PASS">
          <params>
            <param index="0">
              <value>
                <![CDATA[public void TestCases.CCP.CCP_OpenAddAddressManuallyPopup() throws java.lang.InterruptedException]]>
              </value>
            </param>
            <param index="1">
              <value>
                <![CDATA[[TestResult name=CCP_OpenAddAddressManuallyPopup status=SUCCESS method=CCP.CCP_OpenAddAddressManuallyPopup()[pri:5, instance:TestCases.CCP@29647f75] output={null}]]]>
              </value>
            </param>
          </params>
          <reporter-output>
          </reporter-output>
        </test-method> <!-- flushReport -->
        <test-method signature="CCP_CloseAddAddressManuallyPopup()[pri:6, instance:TestCases.CCP@29647f75]" started-at="2023-09-28T15:47:45 IST" name="CCP_CloseAddAddressManuallyPopup" finished-at="2023-09-28T15:47:46 IST" duration-ms="863" status="PASS">
          <reporter-output>
          </reporter-output>
        </test-method> <!-- CCP_CloseAddAddressManuallyPopup -->
        <test-method is-config="true" signature="flushReport(java.lang.reflect.Method,org.testng.ITestResult)[pri:0, instance:TestCases.CCP@29647f75]" started-at="2023-09-28T15:47:46 IST" name="flushReport" finished-at="2023-09-28T15:47:46 IST" duration-ms="18" status="PASS">
          <params>
            <param index="0">
              <value>
                <![CDATA[public void TestCases.CCP.CCP_CloseAddAddressManuallyPopup() throws java.lang.InterruptedException]]>
              </value>
            </param>
            <param index="1">
              <value>
                <![CDATA[[TestResult name=CCP_CloseAddAddressManuallyPopup status=SUCCESS method=CCP.CCP_CloseAddAddressManuallyPopup()[pri:6, instance:TestCases.CCP@29647f75] output={null}]]]>
              </value>
            </param>
          </params>
          <reporter-output>
          </reporter-output>
        </test-method> <!-- flushReport -->
        <test-method signature="CCP_ValidationMsgForNoAddressDetails()[pri:7, instance:TestCases.CCP@29647f75]" started-at="2023-09-28T15:47:46 IST" name="CCP_ValidationMsgForNoAddressDetails" finished-at="2023-09-28T15:47:46 IST" duration-ms="410" status="PASS">
          <reporter-output>
          </reporter-output>
        </test-method> <!-- CCP_ValidationMsgForNoAddressDetails -->
        <test-method is-config="true" signature="flushReport(java.lang.reflect.Method,org.testng.ITestResult)[pri:0, instance:TestCases.CCP@29647f75]" started-at="2023-09-28T15:47:46 IST" name="flushReport" finished-at="2023-09-28T15:47:46 IST" duration-ms="20" status="PASS">
          <params>
            <param index="0">
              <value>
                <![CDATA[public void TestCases.CCP.CCP_ValidationMsgForNoAddressDetails() throws java.lang.InterruptedException]]>
              </value>
            </param>
            <param index="1">
              <value>
                <![CDATA[[TestResult name=CCP_ValidationMsgForNoAddressDetails status=SUCCESS method=CCP.CCP_ValidationMsgForNoAddressDetails()[pri:7, instance:TestCases.CCP@29647f75] output={null}]]]>
              </value>
            </param>
          </params>
          <reporter-output>
          </reporter-output>
        </test-method> <!-- flushReport -->
        <test-method signature="CCP_AddTheAddressManually()[pri:8, instance:TestCases.CCP@29647f75]" started-at="2023-09-28T15:47:46 IST" name="CCP_AddTheAddressManually" finished-at="2023-09-28T15:47:49 IST" duration-ms="2778" status="PASS">
          <reporter-output>
          </reporter-output>
        </test-method> <!-- CCP_AddTheAddressManually -->
        <test-method is-config="true" signature="flushReport(java.lang.reflect.Method,org.testng.ITestResult)[pri:0, instance:TestCases.CCP@29647f75]" started-at="2023-09-28T15:47:49 IST" name="flushReport" finished-at="2023-09-28T15:47:49 IST" duration-ms="19" status="PASS">
          <params>
            <param index="0">
              <value>
                <![CDATA[public void TestCases.CCP.CCP_AddTheAddressManually() throws java.lang.InterruptedException]]>
              </value>
            </param>
            <param index="1">
              <value>
                <![CDATA[[TestResult name=CCP_AddTheAddressManually status=SUCCESS method=CCP.CCP_AddTheAddressManually()[pri:8, instance:TestCases.CCP@29647f75] output={null}]]]>
              </value>
            </param>
          </params>
          <reporter-output>
          </reporter-output>
        </test-method> <!-- flushReport -->
        <test-method signature="CCP_EditAddedAddress()[pri:9, instance:TestCases.CCP@29647f75]" started-at="2023-09-28T15:47:49 IST" name="CCP_EditAddedAddress" finished-at="2023-09-28T15:47:50 IST" duration-ms="631" status="PASS">
          <reporter-output>
          </reporter-output>
        </test-method> <!-- CCP_EditAddedAddress -->
        <test-method is-config="true" signature="flushReport(java.lang.reflect.Method,org.testng.ITestResult)[pri:0, instance:TestCases.CCP@29647f75]" started-at="2023-09-28T15:47:50 IST" name="flushReport" finished-at="2023-09-28T15:47:50 IST" duration-ms="20" status="PASS">
          <params>
            <param index="0">
              <value>
                <![CDATA[public void TestCases.CCP.CCP_EditAddedAddress() throws java.lang.InterruptedException]]>
              </value>
            </param>
            <param index="1">
              <value>
                <![CDATA[[TestResult name=CCP_EditAddedAddress status=SUCCESS method=CCP.CCP_EditAddedAddress()[pri:9, instance:TestCases.CCP@29647f75] output={null}]]]>
              </value>
            </param>
          </params>
          <reporter-output>
          </reporter-output>
        </test-method> <!-- flushReport -->
        <test-method signature="CCP_UpdateAddressOnSaveButton()[pri:10, instance:TestCases.CCP@29647f75]" started-at="2023-09-28T15:47:50 IST" name="CCP_UpdateAddressOnSaveButton" finished-at="2023-09-28T15:47:52 IST" duration-ms="1936" status="PASS">
          <reporter-output>
          </reporter-output>
        </test-method> <!-- CCP_UpdateAddressOnSaveButton -->
        <test-method is-config="true" signature="flushReport(java.lang.reflect.Method,org.testng.ITestResult)[pri:0, instance:TestCases.CCP@29647f75]" started-at="2023-09-28T15:47:52 IST" name="flushReport" finished-at="2023-09-28T15:47:52 IST" duration-ms="18" status="PASS">
          <params>
            <param index="0">
              <value>
                <![CDATA[public void TestCases.CCP.CCP_UpdateAddressOnSaveButton() throws java.lang.InterruptedException]]>
              </value>
            </param>
            <param index="1">
              <value>
                <![CDATA[[TestResult name=CCP_UpdateAddressOnSaveButton status=SUCCESS method=CCP.CCP_UpdateAddressOnSaveButton()[pri:10, instance:TestCases.CCP@29647f75] output={null}]]]>
              </value>
            </param>
          </params>
          <reporter-output>
          </reporter-output>
        </test-method> <!-- flushReport -->
        <test-method signature="CCP_AddressShouldntGetUpdatedOnCancelButton()[pri:11, instance:TestCases.CCP@29647f75]" started-at="2023-09-28T15:47:52 IST" name="CCP_AddressShouldntGetUpdatedOnCancelButton" finished-at="2023-09-28T15:47:52 IST" duration-ms="411" status="PASS">
          <reporter-output>
          </reporter-output>
        </test-method> <!-- CCP_AddressShouldntGetUpdatedOnCancelButton -->
        <test-method is-config="true" signature="flushReport(java.lang.reflect.Method,org.testng.ITestResult)[pri:0, instance:TestCases.CCP@29647f75]" started-at="2023-09-28T15:47:52 IST" name="flushReport" finished-at="2023-09-28T15:47:52 IST" duration-ms="21" status="PASS">
          <params>
            <param index="0">
              <value>
                <![CDATA[public void TestCases.CCP.CCP_AddressShouldntGetUpdatedOnCancelButton() throws java.lang.InterruptedException]]>
              </value>
            </param>
            <param index="1">
              <value>
                <![CDATA[[TestResult name=CCP_AddressShouldntGetUpdatedOnCancelButton status=SUCCESS method=CCP.CCP_AddressShouldntGetUpdatedOnCancelButton()[pri:11, instance:TestCases.CCP@29647f75] output={null}]]]>
              </value>
            </param>
          </params>
          <reporter-output>
          </reporter-output>
        </test-method> <!-- flushReport -->
        <test-method signature="CCP_OpenFlagAddressPopup()[pri:12, instance:TestCases.CCP@29647f75]" started-at="2023-09-28T15:47:52 IST" name="CCP_OpenFlagAddressPopup" finished-at="2023-09-28T15:47:53 IST" duration-ms="998" status="PASS">
          <reporter-output>
          </reporter-output>
        </test-method> <!-- CCP_OpenFlagAddressPopup -->
        <test-method is-config="true" signature="flushReport(java.lang.reflect.Method,org.testng.ITestResult)[pri:0, instance:TestCases.CCP@29647f75]" started-at="2023-09-28T15:47:53 IST" name="flushReport" finished-at="2023-09-28T15:47:53 IST" duration-ms="31" status="PASS">
          <params>
            <param index="0">
              <value>
                <![CDATA[public void TestCases.CCP.CCP_OpenFlagAddressPopup() throws java.lang.InterruptedException]]>
              </value>
            </param>
            <param index="1">
              <value>
                <![CDATA[[TestResult name=CCP_OpenFlagAddressPopup status=SUCCESS method=CCP.CCP_OpenFlagAddressPopup()[pri:12, instance:TestCases.CCP@29647f75] output={null}]]]>
              </value>
            </param>
          </params>
          <reporter-output>
          </reporter-output>
        </test-method> <!-- flushReport -->
        <test-method signature="CCP_CloseFlagAddressPopup()[pri:13, instance:TestCases.CCP@29647f75]" started-at="2023-09-28T15:47:53 IST" name="CCP_CloseFlagAddressPopup" finished-at="2023-09-28T15:47:54 IST" duration-ms="712" status="PASS">
          <reporter-output>
          </reporter-output>
        </test-method> <!-- CCP_CloseFlagAddressPopup -->
        <test-method is-config="true" signature="flushReport(java.lang.reflect.Method,org.testng.ITestResult)[pri:0, instance:TestCases.CCP@29647f75]" started-at="2023-09-28T15:47:54 IST" name="flushReport" finished-at="2023-09-28T15:47:54 IST" duration-ms="18" status="PASS">
          <params>
            <param index="0">
              <value>
                <![CDATA[public void TestCases.CCP.CCP_CloseFlagAddressPopup() throws java.lang.InterruptedException]]>
              </value>
            </param>
            <param index="1">
              <value>
                <![CDATA[[TestResult name=CCP_CloseFlagAddressPopup status=SUCCESS method=CCP.CCP_CloseFlagAddressPopup()[pri:13, instance:TestCases.CCP@29647f75] output={null}]]]>
              </value>
            </param>
          </params>
          <reporter-output>
          </reporter-output>
        </test-method> <!-- flushReport -->
        <test-method signature="CCP_VerifyFlagAddressButtonState()[pri:14, instance:TestCases.CCP@29647f75]" started-at="2023-09-28T15:47:54 IST" name="CCP_VerifyFlagAddressButtonState" finished-at="2023-09-28T15:47:54 IST" duration-ms="385" status="PASS">
          <reporter-output>
          </reporter-output>
        </test-method> <!-- CCP_VerifyFlagAddressButtonState -->
        <test-method is-config="true" signature="flushReport(java.lang.reflect.Method,org.testng.ITestResult)[pri:0, instance:TestCases.CCP@29647f75]" started-at="2023-09-28T15:47:54 IST" name="flushReport" finished-at="2023-09-28T15:47:54 IST" duration-ms="27" status="PASS">
          <params>
            <param index="0">
              <value>
                <![CDATA[public void TestCases.CCP.CCP_VerifyFlagAddressButtonState() throws java.lang.InterruptedException]]>
              </value>
            </param>
            <param index="1">
              <value>
                <![CDATA[[TestResult name=CCP_VerifyFlagAddressButtonState status=SUCCESS method=CCP.CCP_VerifyFlagAddressButtonState()[pri:14, instance:TestCases.CCP@29647f75] output={null}]]]>
              </value>
            </param>
          </params>
          <reporter-output>
          </reporter-output>
        </test-method> <!-- flushReport -->
        <test-method signature="CCP_VerifyFlaggedButtonState()[pri:15, instance:TestCases.CCP@29647f75]" started-at="2023-09-28T15:47:54 IST" name="CCP_VerifyFlaggedButtonState" finished-at="2023-09-28T15:47:55 IST" duration-ms="238" status="PASS">
          <reporter-output>
          </reporter-output>
        </test-method> <!-- CCP_VerifyFlaggedButtonState -->
        <test-method is-config="true" signature="flushReport(java.lang.reflect.Method,org.testng.ITestResult)[pri:0, instance:TestCases.CCP@29647f75]" started-at="2023-09-28T15:47:55 IST" name="flushReport" finished-at="2023-09-28T15:47:55 IST" duration-ms="24" status="PASS">
          <params>
            <param index="0">
              <value>
                <![CDATA[public void TestCases.CCP.CCP_VerifyFlaggedButtonState() throws java.lang.InterruptedException]]>
              </value>
            </param>
            <param index="1">
              <value>
                <![CDATA[[TestResult name=CCP_VerifyFlaggedButtonState status=SUCCESS method=CCP.CCP_VerifyFlaggedButtonState()[pri:15, instance:TestCases.CCP@29647f75] output={null}]]]>
              </value>
            </param>
          </params>
          <reporter-output>
          </reporter-output>
        </test-method> <!-- flushReport -->
        <test-method signature="CCP_InfoMsgForNoViolation()[pri:16, instance:TestCases.CCP@29647f75]" started-at="2023-09-28T15:47:55 IST" name="CCP_InfoMsgForNoViolation" finished-at="2023-09-28T15:47:55 IST" duration-ms="47" status="PASS">
          <reporter-output>
          </reporter-output>
        </test-method> <!-- CCP_InfoMsgForNoViolation -->
        <test-method is-config="true" signature="flushReport(java.lang.reflect.Method,org.testng.ITestResult)[pri:0, instance:TestCases.CCP@29647f75]" started-at="2023-09-28T15:47:55 IST" name="flushReport" finished-at="2023-09-28T15:47:55 IST" duration-ms="26" status="PASS">
          <params>
            <param index="0">
              <value>
                <![CDATA[public void TestCases.CCP.CCP_InfoMsgForNoViolation() throws java.lang.InterruptedException]]>
              </value>
            </param>
            <param index="1">
              <value>
                <![CDATA[[TestResult name=CCP_InfoMsgForNoViolation status=SUCCESS method=CCP.CCP_InfoMsgForNoViolation()[pri:16, instance:TestCases.CCP@29647f75] output={null}]]]>
              </value>
            </param>
          </params>
          <reporter-output>
          </reporter-output>
        </test-method> <!-- flushReport -->
        <test-method signature="CCP_ValidationMsgForNoViolation()[pri:17, instance:TestCases.CCP@29647f75]" started-at="2023-09-28T15:47:55 IST" name="CCP_ValidationMsgForNoViolation" finished-at="2023-09-28T15:47:55 IST" duration-ms="417" status="PASS">
          <reporter-output>
          </reporter-output>
        </test-method> <!-- CCP_ValidationMsgForNoViolation -->
        <test-method is-config="true" signature="flushReport(java.lang.reflect.Method,org.testng.ITestResult)[pri:0, instance:TestCases.CCP@29647f75]" started-at="2023-09-28T15:47:55 IST" name="flushReport" finished-at="2023-09-28T15:47:55 IST" duration-ms="28" status="PASS">
          <params>
            <param index="0">
              <value>
                <![CDATA[public void TestCases.CCP.CCP_ValidationMsgForNoViolation() throws java.lang.InterruptedException]]>
              </value>
            </param>
            <param index="1">
              <value>
                <![CDATA[[TestResult name=CCP_ValidationMsgForNoViolation status=SUCCESS method=CCP.CCP_ValidationMsgForNoViolation()[pri:17, instance:TestCases.CCP@29647f75] output={null}]]]>
              </value>
            </param>
          </params>
          <reporter-output>
          </reporter-output>
        </test-method> <!-- flushReport -->
        <test-method signature="CCP_InfoMsgForNonExistingData()[pri:18, instance:TestCases.CCP@29647f75]" started-at="2023-09-28T15:47:55 IST" name="CCP_InfoMsgForNonExistingData" finished-at="2023-09-28T15:47:55 IST" duration-ms="227" status="PASS">
          <reporter-output>
          </reporter-output>
        </test-method> <!-- CCP_InfoMsgForNonExistingData -->
        <test-method is-config="true" signature="flushReport(java.lang.reflect.Method,org.testng.ITestResult)[pri:0, instance:TestCases.CCP@29647f75]" started-at="2023-09-28T15:47:55 IST" name="flushReport" finished-at="2023-09-28T15:47:55 IST" duration-ms="19" status="PASS">
          <params>
            <param index="0">
              <value>
                <![CDATA[public void TestCases.CCP.CCP_InfoMsgForNonExistingData() throws java.lang.InterruptedException]]>
              </value>
            </param>
            <param index="1">
              <value>
                <![CDATA[[TestResult name=CCP_InfoMsgForNonExistingData status=SUCCESS method=CCP.CCP_InfoMsgForNonExistingData()[pri:18, instance:TestCases.CCP@29647f75] output={null}]]]>
              </value>
            </param>
          </params>
          <reporter-output>
          </reporter-output>
        </test-method> <!-- flushReport -->
        <test-method signature="CCP_AddCustomIssueDescriptionField()[pri:19, instance:TestCases.CCP@29647f75]" started-at="2023-09-28T15:47:55 IST" name="CCP_AddCustomIssueDescriptionField" finished-at="2023-09-28T15:47:55 IST" duration-ms="128" status="PASS">
          <reporter-output>
          </reporter-output>
        </test-method> <!-- CCP_AddCustomIssueDescriptionField -->
        <test-method is-config="true" signature="flushReport(java.lang.reflect.Method,org.testng.ITestResult)[pri:0, instance:TestCases.CCP@29647f75]" started-at="2023-09-28T15:47:55 IST" name="flushReport" finished-at="2023-09-28T15:47:56 IST" duration-ms="28" status="PASS">
          <params>
            <param index="0">
              <value>
                <![CDATA[public void TestCases.CCP.CCP_AddCustomIssueDescriptionField() throws java.lang.InterruptedException]]>
              </value>
            </param>
            <param index="1">
              <value>
                <![CDATA[[TestResult name=CCP_AddCustomIssueDescriptionField status=SUCCESS method=CCP.CCP_AddCustomIssueDescriptionField()[pri:19, instance:TestCases.CCP@29647f75] output={null}]]]>
              </value>
            </param>
          </params>
          <reporter-output>
          </reporter-output>
        </test-method> <!-- flushReport -->
        <test-method signature="CCP_validationMsgForEmptyCustomIssueDescriptionField()[pri:20, instance:TestCases.CCP@29647f75]" started-at="2023-09-28T15:47:56 IST" name="CCP_validationMsgForEmptyCustomIssueDescriptionField" finished-at="2023-09-28T15:47:56 IST" duration-ms="404" status="PASS">
          <reporter-output>
          </reporter-output>
        </test-method> <!-- CCP_validationMsgForEmptyCustomIssueDescriptionField -->
        <test-method is-config="true" signature="flushReport(java.lang.reflect.Method,org.testng.ITestResult)[pri:0, instance:TestCases.CCP@29647f75]" started-at="2023-09-28T15:47:56 IST" name="flushReport" finished-at="2023-09-28T15:47:56 IST" duration-ms="18" status="PASS">
          <params>
            <param index="0">
              <value>
                <![CDATA[public void TestCases.CCP.CCP_validationMsgForEmptyCustomIssueDescriptionField() throws java.lang.InterruptedException]]>
              </value>
            </param>
            <param index="1">
              <value>
                <![CDATA[[TestResult name=CCP_validationMsgForEmptyCustomIssueDescriptionField status=SUCCESS method=CCP.CCP_validationMsgForEmptyCustomIssueDescriptionField()[pri:20, instance:TestCases.CCP@29647f75] output={null}]]]>
              </value>
            </param>
          </params>
          <reporter-output>
          </reporter-output>
        </test-method> <!-- flushReport -->
        <test-method signature="CCP_AddViolationWithoutEntity()[pri:21, instance:TestCases.CCP@29647f75]" started-at="2023-09-28T15:47:56 IST" name="CCP_AddViolationWithoutEntity" finished-at="2023-09-28T15:47:56 IST" duration-ms="448" status="PASS">
          <reporter-output>
          </reporter-output>
        </test-method> <!-- CCP_AddViolationWithoutEntity -->
        <test-method is-config="true" signature="flushReport(java.lang.reflect.Method,org.testng.ITestResult)[pri:0, instance:TestCases.CCP@29647f75]" started-at="2023-09-28T15:47:56 IST" name="flushReport" finished-at="2023-09-28T15:47:56 IST" duration-ms="18" status="PASS">
          <params>
            <param index="0">
              <value>
                <![CDATA[public void TestCases.CCP.CCP_AddViolationWithoutEntity() throws java.lang.InterruptedException]]>
              </value>
            </param>
            <param index="1">
              <value>
                <![CDATA[[TestResult name=CCP_AddViolationWithoutEntity status=SUCCESS method=CCP.CCP_AddViolationWithoutEntity()[pri:21, instance:TestCases.CCP@29647f75] output={null}]]]>
              </value>
            </param>
          </params>
          <reporter-output>
          </reporter-output>
        </test-method> <!-- flushReport -->
        <test-method signature="CCP_OpenViolationWithEntityPopup()[pri:22, instance:TestCases.CCP@29647f75]" started-at="2023-09-28T15:47:56 IST" name="CCP_OpenViolationWithEntityPopup" finished-at="2023-09-28T15:47:57 IST" duration-ms="314" status="PASS">
          <reporter-output>
          </reporter-output>
        </test-method> <!-- CCP_OpenViolationWithEntityPopup -->
        <test-method is-config="true" signature="flushReport(java.lang.reflect.Method,org.testng.ITestResult)[pri:0, instance:TestCases.CCP@29647f75]" started-at="2023-09-28T15:47:57 IST" name="flushReport" finished-at="2023-09-28T15:47:57 IST" duration-ms="31" status="PASS">
          <params>
            <param index="0">
              <value>
                <![CDATA[public void TestCases.CCP.CCP_OpenViolationWithEntityPopup() throws java.lang.InterruptedException]]>
              </value>
            </param>
            <param index="1">
              <value>
                <![CDATA[[TestResult name=CCP_OpenViolationWithEntityPopup status=SUCCESS method=CCP.CCP_OpenViolationWithEntityPopup()[pri:22, instance:TestCases.CCP@29647f75] output={null}]]]>
              </value>
            </param>
          </params>
          <reporter-output>
          </reporter-output>
        </test-method> <!-- flushReport -->
        <test-method signature="CCP_ValidationMsgForNoViolationData()[pri:23, instance:TestCases.CCP@29647f75]" started-at="2023-09-28T15:47:57 IST" name="CCP_ValidationMsgForNoViolationData" finished-at="2023-09-28T15:47:57 IST" duration-ms="392" status="PASS">
          <reporter-output>
          </reporter-output>
        </test-method> <!-- CCP_ValidationMsgForNoViolationData -->
        <test-method is-config="true" signature="flushReport(java.lang.reflect.Method,org.testng.ITestResult)[pri:0, instance:TestCases.CCP@29647f75]" started-at="2023-09-28T15:47:57 IST" name="flushReport" finished-at="2023-09-28T15:47:57 IST" duration-ms="30" status="PASS">
          <params>
            <param index="0">
              <value>
                <![CDATA[public void TestCases.CCP.CCP_ValidationMsgForNoViolationData() throws java.lang.InterruptedException]]>
              </value>
            </param>
            <param index="1">
              <value>
                <![CDATA[[TestResult name=CCP_ValidationMsgForNoViolationData status=SUCCESS method=CCP.CCP_ValidationMsgForNoViolationData()[pri:23, instance:TestCases.CCP@29647f75] output={null}]]]>
              </value>
            </param>
          </params>
          <reporter-output>
          </reporter-output>
        </test-method> <!-- flushReport -->
        <test-method signature="CCP_AddViolationWithEntity()[pri:24, instance:TestCases.CCP@29647f75]" started-at="2023-09-28T15:47:57 IST" name="CCP_AddViolationWithEntity" finished-at="2023-09-28T15:47:58 IST" duration-ms="757" status="PASS">
          <reporter-output>
          </reporter-output>
        </test-method> <!-- CCP_AddViolationWithEntity -->
        <test-method is-config="true" signature="flushReport(java.lang.reflect.Method,org.testng.ITestResult)[pri:0, instance:TestCases.CCP@29647f75]" started-at="2023-09-28T15:47:58 IST" name="flushReport" finished-at="2023-09-28T15:47:58 IST" duration-ms="39" status="PASS">
          <params>
            <param index="0">
              <value>
                <![CDATA[public void TestCases.CCP.CCP_AddViolationWithEntity() throws java.lang.InterruptedException]]>
              </value>
            </param>
            <param index="1">
              <value>
                <![CDATA[[TestResult name=CCP_AddViolationWithEntity status=SUCCESS method=CCP.CCP_AddViolationWithEntity()[pri:24, instance:TestCases.CCP@29647f75] output={null}]]]>
              </value>
            </param>
          </params>
          <reporter-output>
          </reporter-output>
        </test-method> <!-- flushReport -->
        <test-method signature="CCP_SearchAndAddViolation()[pri:25, instance:TestCases.CCP@29647f75]" started-at="2023-09-28T15:47:58 IST" name="CCP_SearchAndAddViolation" finished-at="2023-09-28T15:48:00 IST" duration-ms="1909" status="PASS">
          <reporter-output>
          </reporter-output>
        </test-method> <!-- CCP_SearchAndAddViolation -->
        <test-method is-config="true" signature="flushReport(java.lang.reflect.Method,org.testng.ITestResult)[pri:0, instance:TestCases.CCP@29647f75]" started-at="2023-09-28T15:48:00 IST" name="flushReport" finished-at="2023-09-28T15:48:00 IST" duration-ms="34" status="PASS">
          <params>
            <param index="0">
              <value>
                <![CDATA[public void TestCases.CCP.CCP_SearchAndAddViolation() throws java.lang.InterruptedException]]>
              </value>
            </param>
            <param index="1">
              <value>
                <![CDATA[[TestResult name=CCP_SearchAndAddViolation status=SUCCESS method=CCP.CCP_SearchAndAddViolation()[pri:25, instance:TestCases.CCP@29647f75] output={null}]]]>
              </value>
            </param>
          </params>
          <reporter-output>
          </reporter-output>
        </test-method> <!-- flushReport -->
        <test-method signature="CCP_VerifyAddAnotherViolationLink()[pri:26, instance:TestCases.CCP@29647f75]" started-at="2023-09-28T15:48:00 IST" name="CCP_VerifyAddAnotherViolationLink" finished-at="2023-09-28T15:48:00 IST" duration-ms="110" status="PASS">
          <reporter-output>
          </reporter-output>
        </test-method> <!-- CCP_VerifyAddAnotherViolationLink -->
        <test-method is-config="true" signature="flushReport(java.lang.reflect.Method,org.testng.ITestResult)[pri:0, instance:TestCases.CCP@29647f75]" started-at="2023-09-28T15:48:00 IST" name="flushReport" finished-at="2023-09-28T15:48:00 IST" duration-ms="23" status="PASS">
          <params>
            <param index="0">
              <value>
                <![CDATA[public void TestCases.CCP.CCP_VerifyAddAnotherViolationLink() throws java.lang.InterruptedException]]>
              </value>
            </param>
            <param index="1">
              <value>
                <![CDATA[[TestResult name=CCP_VerifyAddAnotherViolationLink status=SUCCESS method=CCP.CCP_VerifyAddAnotherViolationLink()[pri:26, instance:TestCases.CCP@29647f75] output={null}]]]>
              </value>
            </param>
          </params>
          <reporter-output>
          </reporter-output>
        </test-method> <!-- flushReport -->
        <test-method signature="CCP_DeleteAddedViolation()[pri:27, instance:TestCases.CCP@29647f75]" started-at="2023-09-28T15:48:00 IST" name="CCP_DeleteAddedViolation" finished-at="2023-09-28T15:48:00 IST" duration-ms="127" status="PASS">
          <reporter-output>
          </reporter-output>
        </test-method> <!-- CCP_DeleteAddedViolation -->
        <test-method is-config="true" signature="flushReport(java.lang.reflect.Method,org.testng.ITestResult)[pri:0, instance:TestCases.CCP@29647f75]" started-at="2023-09-28T15:48:00 IST" name="flushReport" finished-at="2023-09-28T15:48:00 IST" duration-ms="29" status="PASS">
          <params>
            <param index="0">
              <value>
                <![CDATA[public void TestCases.CCP.CCP_DeleteAddedViolation() throws java.lang.InterruptedException]]>
              </value>
            </param>
            <param index="1">
              <value>
                <![CDATA[[TestResult name=CCP_DeleteAddedViolation status=SUCCESS method=CCP.CCP_DeleteAddedViolation()[pri:27, instance:TestCases.CCP@29647f75] output={null}]]]>
              </value>
            </param>
          </params>
          <reporter-output>
          </reporter-output>
        </test-method> <!-- flushReport -->
        <test-method signature="CCP_OpenEditViolationPopup()[pri:28, instance:TestCases.CCP@29647f75]" started-at="2023-09-28T15:48:00 IST" name="CCP_OpenEditViolationPopup" finished-at="2023-09-28T15:48:00 IST" duration-ms="218" status="PASS">
          <reporter-output>
          </reporter-output>
        </test-method> <!-- CCP_OpenEditViolationPopup -->
        <test-method is-config="true" signature="flushReport(java.lang.reflect.Method,org.testng.ITestResult)[pri:0, instance:TestCases.CCP@29647f75]" started-at="2023-09-28T15:48:00 IST" name="flushReport" finished-at="2023-09-28T15:48:00 IST" duration-ms="36" status="PASS">
          <params>
            <param index="0">
              <value>
                <![CDATA[public void TestCases.CCP.CCP_OpenEditViolationPopup() throws java.lang.InterruptedException]]>
              </value>
            </param>
            <param index="1">
              <value>
                <![CDATA[[TestResult name=CCP_OpenEditViolationPopup status=SUCCESS method=CCP.CCP_OpenEditViolationPopup()[pri:28, instance:TestCases.CCP@29647f75] output={null}]]]>
              </value>
            </param>
          </params>
          <reporter-output>
          </reporter-output>
        </test-method> <!-- flushReport -->
        <test-method signature="CCP_UploadPhotoForViolation()[pri:29, instance:TestCases.CCP@29647f75]" started-at="2023-09-28T15:48:00 IST" name="CCP_UploadPhotoForViolation" finished-at="2023-09-28T15:48:05 IST" duration-ms="4636" status="PASS">
          <reporter-output>
          </reporter-output>
        </test-method> <!-- CCP_UploadPhotoForViolation -->
        <test-method is-config="true" signature="flushReport(java.lang.reflect.Method,org.testng.ITestResult)[pri:0, instance:TestCases.CCP@29647f75]" started-at="2023-09-28T15:48:05 IST" name="flushReport" finished-at="2023-09-28T15:48:05 IST" duration-ms="29" status="PASS">
          <params>
            <param index="0">
              <value>
                <![CDATA[public void TestCases.CCP.CCP_UploadPhotoForViolation() throws java.lang.InterruptedException]]>
              </value>
            </param>
            <param index="1">
              <value>
                <![CDATA[[TestResult name=CCP_UploadPhotoForViolation status=SUCCESS method=CCP.CCP_UploadPhotoForViolation()[pri:29, instance:TestCases.CCP@29647f75] output={null}]]]>
              </value>
            </param>
          </params>
          <reporter-output>
          </reporter-output>
        </test-method> <!-- flushReport -->
        <test-method signature="CCP_VerifyReplaceButtonPresence()[pri:30, instance:TestCases.CCP@29647f75]" started-at="2023-09-28T15:48:05 IST" name="CCP_VerifyReplaceButtonPresence" finished-at="2023-09-28T15:48:05 IST" duration-ms="224" status="PASS">
          <reporter-output>
          </reporter-output>
        </test-method> <!-- CCP_VerifyReplaceButtonPresence -->
        <test-method is-config="true" signature="flushReport(java.lang.reflect.Method,org.testng.ITestResult)[pri:0, instance:TestCases.CCP@29647f75]" started-at="2023-09-28T15:48:05 IST" name="flushReport" finished-at="2023-09-28T15:48:05 IST" duration-ms="30" status="PASS">
          <params>
            <param index="0">
              <value>
                <![CDATA[public void TestCases.CCP.CCP_VerifyReplaceButtonPresence() throws java.lang.InterruptedException]]>
              </value>
            </param>
            <param index="1">
              <value>
                <![CDATA[[TestResult name=CCP_VerifyReplaceButtonPresence status=SUCCESS method=CCP.CCP_VerifyReplaceButtonPresence()[pri:30, instance:TestCases.CCP@29647f75] output={null}]]]>
              </value>
            </param>
          </params>
          <reporter-output>
          </reporter-output>
        </test-method> <!-- flushReport -->
        <test-method signature="CCP_DeleteAddedPhoto()[pri:31, instance:TestCases.CCP@29647f75]" started-at="2023-09-28T15:48:05 IST" name="CCP_DeleteAddedPhoto" finished-at="2023-09-28T15:48:06 IST" duration-ms="298" status="PASS">
          <reporter-output>
          </reporter-output>
        </test-method> <!-- CCP_DeleteAddedPhoto -->
        <test-method is-config="true" signature="flushReport(java.lang.reflect.Method,org.testng.ITestResult)[pri:0, instance:TestCases.CCP@29647f75]" started-at="2023-09-28T15:48:06 IST" name="flushReport" finished-at="2023-09-28T15:48:06 IST" duration-ms="29" status="PASS">
          <params>
            <param index="0">
              <value>
                <![CDATA[public void TestCases.CCP.CCP_DeleteAddedPhoto() throws java.lang.InterruptedException]]>
              </value>
            </param>
            <param index="1">
              <value>
                <![CDATA[[TestResult name=CCP_DeleteAddedPhoto status=SUCCESS method=CCP.CCP_DeleteAddedPhoto()[pri:31, instance:TestCases.CCP@29647f75] output={null}]]]>
              </value>
            </param>
          </params>
          <reporter-output>
          </reporter-output>
        </test-method> <!-- flushReport -->
        <test-method signature="CCP_VerifyTotalViolationsCount()[pri:32, instance:TestCases.CCP@29647f75]" started-at="2023-09-28T15:48:06 IST" name="CCP_VerifyTotalViolationsCount" finished-at="2023-09-28T15:48:06 IST" duration-ms="180" status="PASS">
          <reporter-output>
          </reporter-output>
        </test-method> <!-- CCP_VerifyTotalViolationsCount -->
        <test-method is-config="true" signature="flushReport(java.lang.reflect.Method,org.testng.ITestResult)[pri:0, instance:TestCases.CCP@29647f75]" started-at="2023-09-28T15:48:06 IST" name="flushReport" finished-at="2023-09-28T15:48:06 IST" duration-ms="21" status="PASS">
          <params>
            <param index="0">
              <value>
                <![CDATA[public void TestCases.CCP.CCP_VerifyTotalViolationsCount() throws java.lang.InterruptedException]]>
              </value>
            </param>
            <param index="1">
              <value>
                <![CDATA[[TestResult name=CCP_VerifyTotalViolationsCount status=SUCCESS method=CCP.CCP_VerifyTotalViolationsCount()[pri:32, instance:TestCases.CCP@29647f75] output={null}]]]>
              </value>
            </param>
          </params>
          <reporter-output>
          </reporter-output>
        </test-method> <!-- flushReport -->
        <test-method signature="CCP_OpenViolationListingPopup()[pri:33, instance:TestCases.CCP@29647f75]" started-at="2023-09-28T15:48:06 IST" name="CCP_OpenViolationListingPopup" finished-at="2023-09-28T15:48:06 IST" duration-ms="224" status="PASS">
          <reporter-output>
          </reporter-output>
        </test-method> <!-- CCP_OpenViolationListingPopup -->
        <test-method is-config="true" signature="flushReport(java.lang.reflect.Method,org.testng.ITestResult)[pri:0, instance:TestCases.CCP@29647f75]" started-at="2023-09-28T15:48:06 IST" name="flushReport" finished-at="2023-09-28T15:48:06 IST" duration-ms="24" status="PASS">
          <params>
            <param index="0">
              <value>
                <![CDATA[public void TestCases.CCP.CCP_OpenViolationListingPopup() throws java.lang.InterruptedException]]>
              </value>
            </param>
            <param index="1">
              <value>
                <![CDATA[[TestResult name=CCP_OpenViolationListingPopup status=SUCCESS method=CCP.CCP_OpenViolationListingPopup()[pri:33, instance:TestCases.CCP@29647f75] output={null}]]]>
              </value>
            </param>
          </params>
          <reporter-output>
          </reporter-output>
        </test-method> <!-- flushReport -->
        <test-method signature="CCP_CloseViolationListingPopup()[pri:34, instance:TestCases.CCP@29647f75]" started-at="2023-09-28T15:48:06 IST" name="CCP_CloseViolationListingPopup" finished-at="2023-09-28T15:48:07 IST" duration-ms="744" status="PASS">
          <reporter-output>
          </reporter-output>
        </test-method> <!-- CCP_CloseViolationListingPopup -->
        <test-method is-config="true" signature="flushReport(java.lang.reflect.Method,org.testng.ITestResult)[pri:0, instance:TestCases.CCP@29647f75]" started-at="2023-09-28T15:48:07 IST" name="flushReport" finished-at="2023-09-28T15:48:07 IST" duration-ms="18" status="PASS">
          <params>
            <param index="0">
              <value>
                <![CDATA[public void TestCases.CCP.CCP_CloseViolationListingPopup() throws java.lang.InterruptedException]]>
              </value>
            </param>
            <param index="1">
              <value>
                <![CDATA[[TestResult name=CCP_CloseViolationListingPopup status=SUCCESS method=CCP.CCP_CloseViolationListingPopup()[pri:34, instance:TestCases.CCP@29647f75] output={null}]]]>
              </value>
            </param>
          </params>
          <reporter-output>
          </reporter-output>
        </test-method> <!-- flushReport -->
        <test-method signature="CCP_OpenCreateAContactPopup()[pri:35, instance:TestCases.CCP@29647f75]" started-at="2023-09-28T15:48:07 IST" name="CCP_OpenCreateAContactPopup" finished-at="2023-09-28T15:48:07 IST" duration-ms="327" status="PASS">
          <reporter-output>
          </reporter-output>
        </test-method> <!-- CCP_OpenCreateAContactPopup -->
        <test-method is-config="true" signature="flushReport(java.lang.reflect.Method,org.testng.ITestResult)[pri:0, instance:TestCases.CCP@29647f75]" started-at="2023-09-28T15:48:07 IST" name="flushReport" finished-at="2023-09-28T15:48:07 IST" duration-ms="36" status="PASS">
          <params>
            <param index="0">
              <value>
                <![CDATA[public void TestCases.CCP.CCP_OpenCreateAContactPopup() throws java.lang.InterruptedException]]>
              </value>
            </param>
            <param index="1">
              <value>
                <![CDATA[[TestResult name=CCP_OpenCreateAContactPopup status=SUCCESS method=CCP.CCP_OpenCreateAContactPopup()[pri:35, instance:TestCases.CCP@29647f75] output={null}]]]>
              </value>
            </param>
          </params>
          <reporter-output>
          </reporter-output>
        </test-method> <!-- flushReport -->
        <test-method signature="CCP_ValidationMsgForNodataInNameField()[pri:36, instance:TestCases.CCP@29647f75]" started-at="2023-09-28T15:48:07 IST" name="CCP_ValidationMsgForNodataInNameField" finished-at="2023-09-28T15:48:08 IST" duration-ms="218" status="PASS">
          <reporter-output>
          </reporter-output>
        </test-method> <!-- CCP_ValidationMsgForNodataInNameField -->
        <test-method is-config="true" signature="flushReport(java.lang.reflect.Method,org.testng.ITestResult)[pri:0, instance:TestCases.CCP@29647f75]" started-at="2023-09-28T15:48:08 IST" name="flushReport" finished-at="2023-09-28T15:48:08 IST" duration-ms="27" status="PASS">
          <params>
            <param index="0">
              <value>
                <![CDATA[public void TestCases.CCP.CCP_ValidationMsgForNodataInNameField() throws java.lang.InterruptedException]]>
              </value>
            </param>
            <param index="1">
              <value>
                <![CDATA[[TestResult name=CCP_ValidationMsgForNodataInNameField status=SUCCESS method=CCP.CCP_ValidationMsgForNodataInNameField()[pri:36, instance:TestCases.CCP@29647f75] output={null}]]]>
              </value>
            </param>
          </params>
          <reporter-output>
          </reporter-output>
        </test-method> <!-- flushReport -->
        <test-method signature="CCP_CloseCreateAContactPopup()[pri:37, instance:TestCases.CCP@29647f75]" started-at="2023-09-28T15:48:08 IST" name="CCP_CloseCreateAContactPopup" finished-at="2023-09-28T15:48:08 IST" duration-ms="777" status="PASS">
          <reporter-output>
          </reporter-output>
        </test-method> <!-- CCP_CloseCreateAContactPopup -->
        <test-method is-config="true" signature="flushReport(java.lang.reflect.Method,org.testng.ITestResult)[pri:0, instance:TestCases.CCP@29647f75]" started-at="2023-09-28T15:48:08 IST" name="flushReport" finished-at="2023-09-28T15:48:08 IST" duration-ms="41" status="PASS">
          <params>
            <param index="0">
              <value>
                <![CDATA[public void TestCases.CCP.CCP_CloseCreateAContactPopup() throws java.lang.InterruptedException]]>
              </value>
            </param>
            <param index="1">
              <value>
                <![CDATA[[TestResult name=CCP_CloseCreateAContactPopup status=SUCCESS method=CCP.CCP_CloseCreateAContactPopup()[pri:37, instance:TestCases.CCP@29647f75] output={null}]]]>
              </value>
            </param>
          </params>
          <reporter-output>
          </reporter-output>
        </test-method> <!-- flushReport -->
        <test-method signature="CCP_AddNewContact()[pri:38, instance:TestCases.CCP@29647f75]" started-at="2023-09-28T15:48:08 IST" name="CCP_AddNewContact" finished-at="2023-09-28T15:48:18 IST" duration-ms="9167" status="PASS">
          <reporter-output>
          </reporter-output>
        </test-method> <!-- CCP_AddNewContact -->
        <test-method is-config="true" signature="flushReport(java.lang.reflect.Method,org.testng.ITestResult)[pri:0, instance:TestCases.CCP@29647f75]" started-at="2023-09-28T15:48:18 IST" name="flushReport" finished-at="2023-09-28T15:48:18 IST" duration-ms="28" status="PASS">
          <params>
            <param index="0">
              <value>
                <![CDATA[public void TestCases.CCP.CCP_AddNewContact() throws java.lang.InterruptedException]]>
              </value>
            </param>
            <param index="1">
              <value>
                <![CDATA[[TestResult name=CCP_AddNewContact status=SUCCESS method=CCP.CCP_AddNewContact()[pri:38, instance:TestCases.CCP@29647f75] output={null}]]]>
              </value>
            </param>
          </params>
          <reporter-output>
          </reporter-output>
        </test-method> <!-- flushReport -->
        <test-method signature="CCP_OpenEditContactPopup()[pri:39, instance:TestCases.CCP@29647f75]" started-at="2023-09-28T15:48:18 IST" name="CCP_OpenEditContactPopup" finished-at="2023-09-28T15:48:19 IST" duration-ms="1517" status="PASS">
          <reporter-output>
          </reporter-output>
        </test-method> <!-- CCP_OpenEditContactPopup -->
        <test-method is-config="true" signature="flushReport(java.lang.reflect.Method,org.testng.ITestResult)[pri:0, instance:TestCases.CCP@29647f75]" started-at="2023-09-28T15:48:19 IST" name="flushReport" finished-at="2023-09-28T15:48:19 IST" duration-ms="35" status="PASS">
          <params>
            <param index="0">
              <value>
                <![CDATA[public void TestCases.CCP.CCP_OpenEditContactPopup() throws java.lang.InterruptedException]]>
              </value>
            </param>
            <param index="1">
              <value>
                <![CDATA[[TestResult name=CCP_OpenEditContactPopup status=SUCCESS method=CCP.CCP_OpenEditContactPopup()[pri:39, instance:TestCases.CCP@29647f75] output={null}]]]>
              </value>
            </param>
          </params>
          <reporter-output>
          </reporter-output>
        </test-method> <!-- flushReport -->
        <test-method signature="CCP_DeleteAddedContact()[pri:40, instance:TestCases.CCP@29647f75]" started-at="2023-09-28T15:48:19 IST" name="CCP_DeleteAddedContact" finished-at="2023-09-28T15:48:19 IST" duration-ms="185" status="PASS">
          <reporter-output>
          </reporter-output>
        </test-method> <!-- CCP_DeleteAddedContact -->
        <test-method is-config="true" signature="flushReport(java.lang.reflect.Method,org.testng.ITestResult)[pri:0, instance:TestCases.CCP@29647f75]" started-at="2023-09-28T15:48:19 IST" name="flushReport" finished-at="2023-09-28T15:48:19 IST" duration-ms="29" status="PASS">
          <params>
            <param index="0">
              <value>
                <![CDATA[public void TestCases.CCP.CCP_DeleteAddedContact() throws java.lang.InterruptedException]]>
              </value>
            </param>
            <param index="1">
              <value>
                <![CDATA[[TestResult name=CCP_DeleteAddedContact status=SUCCESS method=CCP.CCP_DeleteAddedContact()[pri:40, instance:TestCases.CCP@29647f75] output={null}]]]>
              </value>
            </param>
          </params>
          <reporter-output>
          </reporter-output>
        </test-method> <!-- flushReport -->
        <test-method signature="CCP_VerifyTotalContactCount()[pri:41, instance:TestCases.CCP@29647f75]" started-at="2023-09-28T15:48:19 IST" name="CCP_VerifyTotalContactCount" finished-at="2023-09-28T15:48:19 IST" duration-ms="93" status="PASS">
          <reporter-output>
          </reporter-output>
        </test-method> <!-- CCP_VerifyTotalContactCount -->
        <test-method is-config="true" signature="flushReport(java.lang.reflect.Method,org.testng.ITestResult)[pri:0, instance:TestCases.CCP@29647f75]" started-at="2023-09-28T15:48:19 IST" name="flushReport" finished-at="2023-09-28T15:48:19 IST" duration-ms="18" status="PASS">
          <params>
            <param index="0">
              <value>
                <![CDATA[public void TestCases.CCP.CCP_VerifyTotalContactCount() throws java.lang.InterruptedException]]>
              </value>
            </param>
            <param index="1">
              <value>
                <![CDATA[[TestResult name=CCP_VerifyTotalContactCount status=SUCCESS method=CCP.CCP_VerifyTotalContactCount()[pri:41, instance:TestCases.CCP@29647f75] output={null}]]]>
              </value>
            </param>
          </params>
          <reporter-output>
          </reporter-output>
        </test-method> <!-- flushReport -->
        <test-method signature="CCP_VerifyViolationAttachmentsPresence()[pri:42, instance:TestCases.CCP@29647f75]" started-at="2023-09-28T15:48:19 IST" name="CCP_VerifyViolationAttachmentsPresence" finished-at="2023-09-28T15:48:22 IST" duration-ms="2087" status="PASS">
          <reporter-output>
          </reporter-output>
        </test-method> <!-- CCP_VerifyViolationAttachmentsPresence -->
        <test-method is-config="true" signature="flushReport(java.lang.reflect.Method,org.testng.ITestResult)[pri:0, instance:TestCases.CCP@29647f75]" started-at="2023-09-28T15:48:22 IST" name="flushReport" finished-at="2023-09-28T15:48:22 IST" duration-ms="19" status="PASS">
          <params>
            <param index="0">
              <value>
                <![CDATA[public void TestCases.CCP.CCP_VerifyViolationAttachmentsPresence() throws java.lang.InterruptedException]]>
              </value>
            </param>
            <param index="1">
              <value>
                <![CDATA[[TestResult name=CCP_VerifyViolationAttachmentsPresence status=SUCCESS method=CCP.CCP_VerifyViolationAttachmentsPresence()[pri:42, instance:TestCases.CCP@29647f75] output={null}]]]>
              </value>
            </param>
          </params>
          <reporter-output>
          </reporter-output>
        </test-method> <!-- flushReport -->
        <test-method signature="CCP_OpenAddAttachmentsPopup()[pri:43, instance:TestCases.CCP@29647f75]" started-at="2023-09-28T15:48:22 IST" name="CCP_OpenAddAttachmentsPopup" finished-at="2023-09-28T15:48:22 IST" duration-ms="166" status="PASS">
          <reporter-output>
          </reporter-output>
        </test-method> <!-- CCP_OpenAddAttachmentsPopup -->
        <test-method is-config="true" signature="flushReport(java.lang.reflect.Method,org.testng.ITestResult)[pri:0, instance:TestCases.CCP@29647f75]" started-at="2023-09-28T15:48:22 IST" name="flushReport" finished-at="2023-09-28T15:48:22 IST" duration-ms="27" status="PASS">
          <params>
            <param index="0">
              <value>
                <![CDATA[public void TestCases.CCP.CCP_OpenAddAttachmentsPopup() throws java.lang.InterruptedException]]>
              </value>
            </param>
            <param index="1">
              <value>
                <![CDATA[[TestResult name=CCP_OpenAddAttachmentsPopup status=SUCCESS method=CCP.CCP_OpenAddAttachmentsPopup()[pri:43, instance:TestCases.CCP@29647f75] output={null}]]]>
              </value>
            </param>
          </params>
          <reporter-output>
          </reporter-output>
        </test-method> <!-- flushReport -->
        <test-method signature="CCP_VerifyAttachmentsPreview()[pri:44, instance:TestCases.CCP@29647f75]" started-at="2023-09-28T15:48:22 IST" name="CCP_VerifyAttachmentsPreview" finished-at="2023-09-28T15:48:27 IST" duration-ms="5423" status="PASS">
          <reporter-output>
          </reporter-output>
        </test-method> <!-- CCP_VerifyAttachmentsPreview -->
        <test-method is-config="true" signature="flushReport(java.lang.reflect.Method,org.testng.ITestResult)[pri:0, instance:TestCases.CCP@29647f75]" started-at="2023-09-28T15:48:27 IST" name="flushReport" finished-at="2023-09-28T15:48:27 IST" duration-ms="20" status="PASS">
          <params>
            <param index="0">
              <value>
                <![CDATA[public void TestCases.CCP.CCP_VerifyAttachmentsPreview() throws java.lang.InterruptedException]]>
              </value>
            </param>
            <param index="1">
              <value>
                <![CDATA[[TestResult name=CCP_VerifyAttachmentsPreview status=SUCCESS method=CCP.CCP_VerifyAttachmentsPreview()[pri:44, instance:TestCases.CCP@29647f75] output={null}]]]>
              </value>
            </param>
          </params>
          <reporter-output>
          </reporter-output>
        </test-method> <!-- flushReport -->
        <test-method signature="CCP_OpenCloseAddAttachmentsPopup()[pri:45, instance:TestCases.CCP@29647f75]" started-at="2023-09-28T15:48:27 IST" name="CCP_OpenCloseAddAttachmentsPopup" finished-at="2023-09-28T15:48:27 IST" duration-ms="263" status="PASS">
          <reporter-output>
          </reporter-output>
        </test-method> <!-- CCP_OpenCloseAddAttachmentsPopup -->
        <test-method is-config="true" signature="flushReport(java.lang.reflect.Method,org.testng.ITestResult)[pri:0, instance:TestCases.CCP@29647f75]" started-at="2023-09-28T15:48:27 IST" name="flushReport" finished-at="2023-09-28T15:48:28 IST" duration-ms="65" status="PASS">
          <params>
            <param index="0">
              <value>
                <![CDATA[public void TestCases.CCP.CCP_OpenCloseAddAttachmentsPopup() throws java.lang.InterruptedException]]>
              </value>
            </param>
            <param index="1">
              <value>
                <![CDATA[[TestResult name=CCP_OpenCloseAddAttachmentsPopup status=SUCCESS method=CCP.CCP_OpenCloseAddAttachmentsPopup()[pri:45, instance:TestCases.CCP@29647f75] output={null}]]]>
              </value>
            </param>
          </params>
          <reporter-output>
          </reporter-output>
        </test-method> <!-- flushReport -->
        <test-method signature="CCP_CloseAddAttachmentsPopup()[pri:46, instance:TestCases.CCP@29647f75]" started-at="2023-09-28T15:48:28 IST" name="CCP_CloseAddAttachmentsPopup" finished-at="2023-09-28T15:48:30 IST" duration-ms="2748" status="PASS">
          <reporter-output>
          </reporter-output>
        </test-method> <!-- CCP_CloseAddAttachmentsPopup -->
        <test-method is-config="true" signature="flushReport(java.lang.reflect.Method,org.testng.ITestResult)[pri:0, instance:TestCases.CCP@29647f75]" started-at="2023-09-28T15:48:30 IST" name="flushReport" finished-at="2023-09-28T15:48:30 IST" duration-ms="18" status="PASS">
          <params>
            <param index="0">
              <value>
                <![CDATA[public void TestCases.CCP.CCP_CloseAddAttachmentsPopup() throws java.lang.InterruptedException]]>
              </value>
            </param>
            <param index="1">
              <value>
                <![CDATA[[TestResult name=CCP_CloseAddAttachmentsPopup status=SUCCESS method=CCP.CCP_CloseAddAttachmentsPopup()[pri:46, instance:TestCases.CCP@29647f75] output={null}]]]>
              </value>
            </param>
          </params>
          <reporter-output>
          </reporter-output>
        </test-method> <!-- flushReport -->
        <test-method signature="CCP_ReopenAddAttachmentsPopup()[pri:47, instance:TestCases.CCP@29647f75]" started-at="2023-09-28T15:48:30 IST" name="CCP_ReopenAddAttachmentsPopup" finished-at="2023-09-28T15:48:38 IST" duration-ms="7859" status="PASS">
          <reporter-output>
          </reporter-output>
        </test-method> <!-- CCP_ReopenAddAttachmentsPopup -->
        <test-method is-config="true" signature="flushReport(java.lang.reflect.Method,org.testng.ITestResult)[pri:0, instance:TestCases.CCP@29647f75]" started-at="2023-09-28T15:48:38 IST" name="flushReport" finished-at="2023-09-28T15:48:38 IST" duration-ms="28" status="PASS">
          <params>
            <param index="0">
              <value>
                <![CDATA[public void TestCases.CCP.CCP_ReopenAddAttachmentsPopup() throws java.lang.InterruptedException]]>
              </value>
            </param>
            <param index="1">
              <value>
                <![CDATA[[TestResult name=CCP_ReopenAddAttachmentsPopup status=SUCCESS method=CCP.CCP_ReopenAddAttachmentsPopup()[pri:47, instance:TestCases.CCP@29647f75] output={null}]]]>
              </value>
            </param>
          </params>
          <reporter-output>
          </reporter-output>
        </test-method> <!-- flushReport -->
        <test-method signature="CCP_AddAnAttachment()[pri:48, instance:TestCases.CCP@29647f75]" started-at="2023-09-28T15:48:38 IST" name="CCP_AddAnAttachment" finished-at="2023-09-28T15:48:42 IST" duration-ms="4237" status="PASS">
          <reporter-output>
          </reporter-output>
        </test-method> <!-- CCP_AddAnAttachment -->
        <test-method is-config="true" signature="flushReport(java.lang.reflect.Method,org.testng.ITestResult)[pri:0, instance:TestCases.CCP@29647f75]" started-at="2023-09-28T15:48:42 IST" name="flushReport" finished-at="2023-09-28T15:48:42 IST" duration-ms="31" status="PASS">
          <params>
            <param index="0">
              <value>
                <![CDATA[public void TestCases.CCP.CCP_AddAnAttachment() throws java.lang.InterruptedException]]>
              </value>
            </param>
            <param index="1">
              <value>
                <![CDATA[[TestResult name=CCP_AddAnAttachment status=SUCCESS method=CCP.CCP_AddAnAttachment()[pri:48, instance:TestCases.CCP@29647f75] output={null}]]]>
              </value>
            </param>
          </params>
          <reporter-output>
          </reporter-output>
        </test-method> <!-- flushReport -->
        <test-method signature="CCP_AddMultipleAttachments()[pri:49, instance:TestCases.CCP@29647f75]" started-at="2023-09-28T15:48:42 IST" name="CCP_AddMultipleAttachments" finished-at="2023-09-28T15:49:06 IST" duration-ms="23129" status="PASS">
          <reporter-output>
          </reporter-output>
        </test-method> <!-- CCP_AddMultipleAttachments -->
        <test-method is-config="true" signature="flushReport(java.lang.reflect.Method,org.testng.ITestResult)[pri:0, instance:TestCases.CCP@29647f75]" started-at="2023-09-28T15:49:06 IST" name="flushReport" finished-at="2023-09-28T15:49:06 IST" duration-ms="39" status="PASS">
          <params>
            <param index="0">
              <value>
                <![CDATA[public void TestCases.CCP.CCP_AddMultipleAttachments() throws java.lang.InterruptedException]]>
              </value>
            </param>
            <param index="1">
              <value>
                <![CDATA[[TestResult name=CCP_AddMultipleAttachments status=SUCCESS method=CCP.CCP_AddMultipleAttachments()[pri:49, instance:TestCases.CCP@29647f75] output={null}]]]>
              </value>
            </param>
          </params>
          <reporter-output>
          </reporter-output>
        </test-method> <!-- flushReport -->
        <test-method signature="CCP_OpenAttachmentsDetailsPopup()[pri:50, instance:TestCases.CCP@29647f75]" started-at="2023-09-28T15:49:06 IST" name="CCP_OpenAttachmentsDetailsPopup" finished-at="2023-09-28T15:49:06 IST" duration-ms="292" status="PASS">
          <reporter-output>
          </reporter-output>
        </test-method> <!-- CCP_OpenAttachmentsDetailsPopup -->
        <test-method is-config="true" signature="flushReport(java.lang.reflect.Method,org.testng.ITestResult)[pri:0, instance:TestCases.CCP@29647f75]" started-at="2023-09-28T15:49:06 IST" name="flushReport" finished-at="2023-09-28T15:49:06 IST" duration-ms="25" status="PASS">
          <params>
            <param index="0">
              <value>
                <![CDATA[public void TestCases.CCP.CCP_OpenAttachmentsDetailsPopup() throws java.lang.InterruptedException]]>
              </value>
            </param>
            <param index="1">
              <value>
                <![CDATA[[TestResult name=CCP_OpenAttachmentsDetailsPopup status=SUCCESS method=CCP.CCP_OpenAttachmentsDetailsPopup()[pri:50, instance:TestCases.CCP@29647f75] output={null}]]]>
              </value>
            </param>
          </params>
          <reporter-output>
          </reporter-output>
        </test-method> <!-- flushReport -->
        <test-method signature="CCP_UpdateAttachmentDetails()[pri:51, instance:TestCases.CCP@29647f75]" started-at="2023-09-28T15:49:06 IST" name="CCP_UpdateAttachmentDetails" finished-at="2023-09-28T15:49:06 IST" duration-ms="514" status="PASS">
          <reporter-output>
          </reporter-output>
        </test-method> <!-- CCP_UpdateAttachmentDetails -->
        <test-method is-config="true" signature="flushReport(java.lang.reflect.Method,org.testng.ITestResult)[pri:0, instance:TestCases.CCP@29647f75]" started-at="2023-09-28T15:49:06 IST" name="flushReport" finished-at="2023-09-28T15:49:06 IST" duration-ms="35" status="PASS">
          <params>
            <param index="0">
              <value>
                <![CDATA[public void TestCases.CCP.CCP_UpdateAttachmentDetails() throws java.lang.InterruptedException]]>
              </value>
            </param>
            <param index="1">
              <value>
                <![CDATA[[TestResult name=CCP_UpdateAttachmentDetails status=SUCCESS method=CCP.CCP_UpdateAttachmentDetails()[pri:51, instance:TestCases.CCP@29647f75] output={null}]]]>
              </value>
            </param>
          </params>
          <reporter-output>
          </reporter-output>
        </test-method> <!-- flushReport -->
        <test-method signature="CCP_DeleteAnAttachment()[pri:52, instance:TestCases.CCP@29647f75]" started-at="2023-09-28T15:49:06 IST" name="CCP_DeleteAnAttachment" finished-at="2023-09-28T15:50:23 IST" duration-ms="76751" status="PASS">
          <reporter-output>
          </reporter-output>
        </test-method> <!-- CCP_DeleteAnAttachment -->
        <test-method is-config="true" signature="flushReport(java.lang.reflect.Method,org.testng.ITestResult)[pri:0, instance:TestCases.CCP@29647f75]" started-at="2023-09-28T15:50:23 IST" name="flushReport" finished-at="2023-09-28T15:50:23 IST" duration-ms="56" status="PASS">
          <params>
            <param index="0">
              <value>
                <![CDATA[public void TestCases.CCP.CCP_DeleteAnAttachment() throws java.lang.InterruptedException]]>
              </value>
            </param>
            <param index="1">
              <value>
                <![CDATA[[TestResult name=CCP_DeleteAnAttachment status=SUCCESS method=CCP.CCP_DeleteAnAttachment()[pri:52, instance:TestCases.CCP@29647f75] output={null}]]]>
              </value>
            </param>
          </params>
          <reporter-output>
          </reporter-output>
        </test-method> <!-- flushReport -->
        <test-method signature="CCP_OpenCreateCasePopup()[pri:53, instance:TestCases.CCP@29647f75]" started-at="2023-09-28T15:50:23 IST" name="CCP_OpenCreateCasePopup" finished-at="2023-09-28T15:50:24 IST" duration-ms="254" status="PASS">
          <reporter-output>
          </reporter-output>
        </test-method> <!-- CCP_OpenCreateCasePopup -->
        <test-method is-config="true" signature="flushReport(java.lang.reflect.Method,org.testng.ITestResult)[pri:0, instance:TestCases.CCP@29647f75]" started-at="2023-09-28T15:50:24 IST" name="flushReport" finished-at="2023-09-28T15:50:24 IST" duration-ms="22" status="PASS">
          <params>
            <param index="0">
              <value>
                <![CDATA[public void TestCases.CCP.CCP_OpenCreateCasePopup() throws java.lang.InterruptedException]]>
              </value>
            </param>
            <param index="1">
              <value>
                <![CDATA[[TestResult name=CCP_OpenCreateCasePopup status=SUCCESS method=CCP.CCP_OpenCreateCasePopup()[pri:53, instance:TestCases.CCP@29647f75] output={null}]]]>
              </value>
            </param>
          </params>
          <reporter-output>
          </reporter-output>
        </test-method> <!-- flushReport -->
        <test-method signature="CCP_VerifyTotalAttachmentsCount()[pri:53, instance:TestCases.CCP@29647f75]" started-at="2023-09-28T15:50:24 IST" name="CCP_VerifyTotalAttachmentsCount" finished-at="2023-09-28T15:50:28 IST" duration-ms="4151" status="PASS">
          <reporter-output>
          </reporter-output>
        </test-method> <!-- CCP_VerifyTotalAttachmentsCount -->
        <test-method is-config="true" signature="flushReport(java.lang.reflect.Method,org.testng.ITestResult)[pri:0, instance:TestCases.CCP@29647f75]" started-at="2023-09-28T15:50:28 IST" name="flushReport" finished-at="2023-09-28T15:50:28 IST" duration-ms="19" status="PASS">
          <params>
            <param index="0">
              <value>
                <![CDATA[public void TestCases.CCP.CCP_VerifyTotalAttachmentsCount() throws java.lang.InterruptedException]]>
              </value>
            </param>
            <param index="1">
              <value>
                <![CDATA[[TestResult name=CCP_VerifyTotalAttachmentsCount status=SUCCESS method=CCP.CCP_VerifyTotalAttachmentsCount()[pri:53, instance:TestCases.CCP@29647f75] output={null}]]]>
              </value>
            </param>
          </params>
          <reporter-output>
          </reporter-output>
        </test-method> <!-- flushReport -->
        <test-method signature="CCP_VerifyCreateAndScheduleInspectionButton()[pri:54, instance:TestCases.CCP@29647f75]" started-at="2023-09-28T15:50:28 IST" name="CCP_VerifyCreateAndScheduleInspectionButton" finished-at="2023-09-28T15:50:28 IST" duration-ms="67" status="PASS">
          <reporter-output>
          </reporter-output>
        </test-method> <!-- CCP_VerifyCreateAndScheduleInspectionButton -->
        <test-method is-config="true" signature="flushReport(java.lang.reflect.Method,org.testng.ITestResult)[pri:0, instance:TestCases.CCP@29647f75]" started-at="2023-09-28T15:50:28 IST" name="flushReport" finished-at="2023-09-28T15:50:28 IST" duration-ms="20" status="PASS">
          <params>
            <param index="0">
              <value>
                <![CDATA[public void TestCases.CCP.CCP_VerifyCreateAndScheduleInspectionButton() throws java.lang.InterruptedException]]>
              </value>
            </param>
            <param index="1">
              <value>
                <![CDATA[[TestResult name=CCP_VerifyCreateAndScheduleInspectionButton status=SUCCESS method=CCP.CCP_VerifyCreateAndScheduleInspectionButton()[pri:54, instance:TestCases.CCP@29647f75] output={null}]]]>
              </value>
            </param>
          </params>
          <reporter-output>
          </reporter-output>
        </test-method> <!-- flushReport -->
        <test-method signature="CCP_VerifyNextInspectionSectionState()[pri:55, instance:TestCases.CCP@29647f75]" started-at="2023-09-28T15:50:28 IST" name="CCP_VerifyNextInspectionSectionState" finished-at="2023-09-28T15:50:28 IST" duration-ms="27" status="PASS">
          <reporter-output>
          </reporter-output>
        </test-method> <!-- CCP_VerifyNextInspectionSectionState -->
        <test-method is-config="true" signature="flushReport(java.lang.reflect.Method,org.testng.ITestResult)[pri:0, instance:TestCases.CCP@29647f75]" started-at="2023-09-28T15:50:28 IST" name="flushReport" finished-at="2023-09-28T15:50:28 IST" duration-ms="18" status="PASS">
          <params>
            <param index="0">
              <value>
                <![CDATA[public void TestCases.CCP.CCP_VerifyNextInspectionSectionState() throws java.lang.InterruptedException]]>
              </value>
            </param>
            <param index="1">
              <value>
                <![CDATA[[TestResult name=CCP_VerifyNextInspectionSectionState status=SUCCESS method=CCP.CCP_VerifyNextInspectionSectionState()[pri:55, instance:TestCases.CCP@29647f75] output={null}]]]>
              </value>
            </param>
          </params>
          <reporter-output>
          </reporter-output>
        </test-method> <!-- flushReport -->
        <test-method signature="CCP_VerifyCaseCreation()[pri:56, instance:TestCases.CCP@29647f75]" started-at="2023-09-28T15:50:28 IST" name="CCP_VerifyCaseCreation" finished-at="2023-09-28T15:50:37 IST" duration-ms="8706" status="PASS">
          <reporter-output>
          </reporter-output>
        </test-method> <!-- CCP_VerifyCaseCreation -->
        <test-method is-config="true" signature="flushReport(java.lang.reflect.Method,org.testng.ITestResult)[pri:0, instance:TestCases.CCP@29647f75]" started-at="2023-09-28T15:50:37 IST" name="flushReport" finished-at="2023-09-28T15:50:37 IST" duration-ms="18" status="PASS">
          <params>
            <param index="0">
              <value>
                <![CDATA[public void TestCases.CCP.CCP_VerifyCaseCreation() throws java.lang.InterruptedException]]>
              </value>
            </param>
            <param index="1">
              <value>
                <![CDATA[[TestResult name=CCP_VerifyCaseCreation status=SUCCESS method=CCP.CCP_VerifyCaseCreation()[pri:56, instance:TestCases.CCP@29647f75] output={null}]]]>
              </value>
            </param>
          </params>
          <reporter-output>
          </reporter-output>
        </test-method> <!-- flushReport -->
        <test-method signature="CCP_CDP_CountVerifications()[pri:57, instance:TestCases.CCP@29647f75]" started-at="2023-09-28T15:50:37 IST" name="CCP_CDP_CountVerifications" finished-at="2023-09-28T15:50:37 IST" duration-ms="131" status="PASS">
          <reporter-output>
          </reporter-output>
        </test-method> <!-- CCP_CDP_CountVerifications -->
        <test-method is-config="true" signature="flushReport(java.lang.reflect.Method,org.testng.ITestResult)[pri:0, instance:TestCases.CCP@29647f75]" started-at="2023-09-28T15:50:37 IST" name="flushReport" finished-at="2023-09-28T15:50:37 IST" duration-ms="20" status="PASS">
          <params>
            <param index="0">
              <value>
                <![CDATA[public void TestCases.CCP.CCP_CDP_CountVerifications() throws java.lang.InterruptedException]]>
              </value>
            </param>
            <param index="1">
              <value>
                <![CDATA[[TestResult name=CCP_CDP_CountVerifications status=SUCCESS method=CCP.CCP_CDP_CountVerifications()[pri:57, instance:TestCases.CCP@29647f75] output={null}]]]>
              </value>
            </param>
          </params>
          <reporter-output>
          </reporter-output>
        </test-method> <!-- flushReport -->
        <test-method signature="CCP_CaseCreationWithMultipleViolationSameEntity()[pri:58, instance:TestCases.CCP@29647f75]" started-at="2023-09-28T15:50:37 IST" name="CCP_CaseCreationWithMultipleViolationSameEntity" finished-at="2023-09-28T15:52:30 IST" duration-ms="113179" status="PASS">
          <reporter-output>
          </reporter-output>
        </test-method> <!-- CCP_CaseCreationWithMultipleViolationSameEntity -->
        <test-method is-config="true" signature="flushReport(java.lang.reflect.Method,org.testng.ITestResult)[pri:0, instance:TestCases.CCP@29647f75]" started-at="2023-09-28T15:52:30 IST" name="flushReport" finished-at="2023-09-28T15:52:30 IST" duration-ms="47" status="PASS">
          <params>
            <param index="0">
              <value>
                <![CDATA[public void TestCases.CCP.CCP_CaseCreationWithMultipleViolationSameEntity() throws java.lang.InterruptedException]]>
              </value>
            </param>
            <param index="1">
              <value>
                <![CDATA[[TestResult name=CCP_CaseCreationWithMultipleViolationSameEntity status=SUCCESS method=CCP.CCP_CaseCreationWithMultipleViolationSameEntity()[pri:58, instance:TestCases.CCP@29647f75] output={null}]]]>
              </value>
            </param>
          </params>
          <reporter-output>
          </reporter-output>
        </test-method> <!-- flushReport -->
        <test-method signature="CCP_SearchCaseAndNavigatetoCDP()[pri:59, instance:TestCases.CCP@29647f75]" started-at="2023-09-28T15:52:30 IST" name="CCP_SearchCaseAndNavigatetoCDP" finished-at="2023-09-28T15:53:11 IST" duration-ms="40966" status="PASS">
          <reporter-output>
          </reporter-output>
        </test-method> <!-- CCP_SearchCaseAndNavigatetoCDP -->
        <test-method is-config="true" signature="flushReport(java.lang.reflect.Method,org.testng.ITestResult)[pri:0, instance:TestCases.CCP@29647f75]" started-at="2023-09-28T15:53:11 IST" name="flushReport" finished-at="2023-09-28T15:53:11 IST" duration-ms="22" status="PASS">
          <params>
            <param index="0">
              <value>
                <![CDATA[public void TestCases.CCP.CCP_SearchCaseAndNavigatetoCDP() throws java.lang.InterruptedException]]>
              </value>
            </param>
            <param index="1">
              <value>
                <![CDATA[[TestResult name=CCP_SearchCaseAndNavigatetoCDP status=SUCCESS method=CCP.CCP_SearchCaseAndNavigatetoCDP()[pri:59, instance:TestCases.CCP@29647f75] output={null}]]]>
              </value>
            </param>
          </params>
          <reporter-output>
          </reporter-output>
        </test-method> <!-- flushReport -->
        <test-method is-config="true" signature="closeDriver()[pri:0, instance:TestCases.CCP@29647f75]" started-at="2023-09-28T15:53:11 IST" name="closeDriver" finished-at="2023-09-28T15:53:11 IST" duration-ms="317" status="PASS">
          <reporter-output>
          </reporter-output>
        </test-method> <!-- closeDriver -->
[...]
              </value>
            </param>
          </params>
          <reporter-output>
          </reporter-output>
        </test-method> <!-- flushReport -->
        <test-method signature="ReopenCase_VerifyCaseReopenedDetails()[pri:6, instance:TestCases.ReopenCases@13b13b5d]" started-at="2023-09-28T15:37:04 IST" name="ReopenCase_VerifyCaseReopenedDetails" finished-at="2023-09-28T15:37:04 IST" duration-ms="105" status="PASS">
          <reporter-output>
          </reporter-output>
        </test-method> <!-- ReopenCase_VerifyCaseReopenedDetails -->
        <test-method is-config="true" signature="flushReport(java.lang.reflect.Method,org.testng.ITestResult)[pri:0, instance:TestCases.ReopenCases@13b13b5d]" started-at="2023-09-28T15:37:04 IST" name="flushReport" finished-at="2023-09-28T15:37:04 IST" duration-ms="16" status="PASS">
          <params>
            <param index="0">
              <value>
                <![CDATA[public void TestCases.ReopenCases.ReopenCase_VerifyCaseReopenedDetails() throws java.lang.InterruptedException]]>
              </value>
            </param>
            <param index="1">
              <value>
                <![CDATA[[TestResult name=ReopenCase_VerifyCaseReopenedDetails status=SUCCESS method=ReopenCases.ReopenCase_VerifyCaseReopenedDetails()[pri:6, instance:TestCases.ReopenCases@13b13b5d] output={null}]]]>
              </value>
            </param>
          </params>
          <reporter-output>
          </reporter-output>
        </test-method> <!-- flushReport -->
        <test-method is-config="true" signature="closeDriver()[pri:0, instance:TestCases.ReopenCases@13b13b5d]" started-at="2023-09-28T15:37:04 IST" name="closeDriver" finished-at="2023-09-28T15:37:04 IST" duration-ms="228" status="PASS">
          <reporter-output>
          </reporter-output>
        </test-method> <!-- closeDriver -->
      </class> <!-- TestCases.ReopenCases -->
      <class name="TestCases.Notices">
        <test-method is-config="true" signature="setUp()[pri:0, instance:TestCases.Notices@355ce81c]" started-at="2023-09-28T15:53:11 IST" name="setUp" finished-at="2023-09-28T15:53:13 IST" duration-ms="1449" status="PASS">
          <reporter-output>
          </reporter-output>
        </test-method> <!-- setUp -->
        <test-method signature="LoginAgency()[pri:0, instance:TestCases.Notices@355ce81c]" started-at="2023-09-28T15:53:13 IST" name="LoginAgency" finished-at="2023-09-28T15:53:31 IST" duration-ms="18177" status="PASS">
          <reporter-output>
          </reporter-output>
        </test-method> <!-- LoginAgency -->
        <test-method is-config="true" signature="flushReport(java.lang.reflect.Method,org.testng.ITestResult)[pri:0, instance:TestCases.Notices@355ce81c]" started-at="2023-09-28T15:53:31 IST" name="flushReport" finished-at="2023-09-28T15:53:31 IST" duration-ms="40" status="PASS">
          <params>
            <param index="0">
              <value>
                <![CDATA[public void TestCases.Notices.LoginAgency() throws java.lang.InterruptedException]]>
              </value>
            </param>
            <param index="1">
              <value>
                <![CDATA[[TestResult name=LoginAgency status=SUCCESS method=Notices.LoginAgency()[pri:0, instance:TestCases.Notices@355ce81c] output={null}]]]>
              </value>
            </param>
          </params>
          <reporter-output>
          </reporter-output>
        </test-method> <!-- flushReport -->
        <test-method signature="Notices_OpenCreateNonHtmlNoticePopup()[pri:1, instance:TestCases.Notices@355ce81c]" started-at="2023-09-28T15:53:31 IST" name="Notices_OpenCreateNonHtmlNoticePopup" finished-at="2023-09-28T15:53:37 IST" duration-ms="5853" status="PASS">
          <reporter-output>
          </reporter-output>
        </test-method> <!-- Notices_OpenCreateNonHtmlNoticePopup -->
        <test-method is-config="true" signature="flushReport(java.lang.reflect.Method,org.testng.ITestResult)[pri:0, instance:TestCases.Notices@355ce81c]" started-at="2023-09-28T15:53:37 IST" name="flushReport" finished-at="2023-09-28T15:53:37 IST" duration-ms="20" status="PASS">
          <params>
            <param index="0">
              <value>
                <![CDATA[public void TestCases.Notices.Notices_OpenCreateNonHtmlNoticePopup() throws java.lang.InterruptedException]]>
              </value>
            </param>
            <param index="1">
              <value>
                <![CDATA[[TestResult name=Notices_OpenCreateNonHtmlNoticePopup status=SUCCESS method=Notices.Notices_OpenCreateNonHtmlNoticePopup()[pri:1, instance:TestCases.Notices@355ce81c] output={null}]]]>
              </value>
            </param>
          </params>
          <reporter-output>
          </reporter-output>
        </test-method> <!-- flushReport -->
        <test-method signature="Notices_CreateNonHTMLNotice()[pri:2, instance:TestCases.Notices@355ce81c]" started-at="2023-09-28T15:53:37 IST" name="Notices_CreateNonHTMLNotice" finished-at="2023-09-28T15:53:49 IST" duration-ms="12057" status="PASS">
          <reporter-output>
          </reporter-output>
        </test-method> <!-- Notices_CreateNonHTMLNotice -->
        <test-method is-config="true" signature="flushReport(java.lang.reflect.Method,org.testng.ITestResult)[pri:0, instance:TestCases.Notices@355ce81c]" started-at="2023-09-28T15:53:49 IST" name="flushReport" finished-at="2023-09-28T15:53:49 IST" duration-ms="19" status="PASS">
          <params>
            <param index="0">
              <value>
                <![CDATA[public void TestCases.Notices.Notices_CreateNonHTMLNotice() throws java.lang.InterruptedException]]>
              </value>
            </param>
            <param index="1">
              <value>
                <![CDATA[[TestResult name=Notices_CreateNonHTMLNotice status=SUCCESS method=Notices.Notices_CreateNonHTMLNotice()[pri:2, instance:TestCases.Notices@355ce81c] output={null}]]]>
              </value>
            </param>
          </params>
          <reporter-output>
          </reporter-output>
        </test-method> <!-- flushReport -->
        <test-method signature="Notices_OpenCreateHtmlNoticePopup()[pri:3, instance:TestCases.Notices@355ce81c]" started-at="2023-09-28T15:53:49 IST" name="Notices_OpenCreateHtmlNoticePopup" finished-at="2023-09-28T15:53:49 IST" duration-ms="452" status="PASS">
          <reporter-output>
          </reporter-output>
        </test-method> <!-- Notices_OpenCreateHtmlNoticePopup -->
        <test-method is-config="true" signature="flushReport(java.lang.reflect.Method,org.testng.ITestResult)[pri:0, instance:TestCases.Notices@355ce81c]" started-at="2023-09-28T15:53:49 IST" name="flushReport" finished-at="2023-09-28T15:53:49 IST" duration-ms="37" status="PASS">
          <params>
            <param index="0">
              <value>
                <![CDATA[public void TestCases.Notices.Notices_OpenCreateHtmlNoticePopup() throws java.lang.InterruptedException]]>
              </value>
            </param>
            <param index="1">
              <value>
                <![CDATA[[TestResult name=Notices_OpenCreateHtmlNoticePopup status=SUCCESS method=Notices.Notices_OpenCreateHtmlNoticePopup()[pri:3, instance:TestCases.Notices@355ce81c] output={null}]]]>
              </value>
            </param>
          </params>
          <reporter-output>
          </reporter-output>
        </test-method> <!-- flushReport -->
        <test-method signature="Notices_OpenAddMergeFieldsPopup()[pri:4, instance:TestCases.Notices@355ce81c]" started-at="2023-09-28T15:53:49 IST" name="Notices_OpenAddMergeFieldsPopup" finished-at="2023-09-28T15:53:50 IST" duration-ms="330" status="PASS">
          <reporter-output>
          </reporter-output>
        </test-method> <!-- Notices_OpenAddMergeFieldsPopup -->
        <test-method is-config="true" signature="flushReport(java.lang.reflect.Method,org.testng.ITestResult)[pri:0, instance:TestCases.Notices@355ce81c]" started-at="2023-09-28T15:53:50 IST" name="flushReport" finished-at="2023-09-28T15:53:50 IST" duration-ms="48" status="PASS">
          <params>
            <param index="0">
              <value>
                <![CDATA[public void TestCases.Notices.Notices_OpenAddMergeFieldsPopup() throws java.lang.InterruptedException]]>
              </value>
            </param>
            <param index="1">
              <value>
                <![CDATA[[TestResult name=Notices_OpenAddMergeFieldsPopup status=SUCCESS method=Notices.Notices_OpenAddMergeFieldsPopup()[pri:4, instance:TestCases.Notices@355ce81c] output={null}]]]>
              </value>
            </param>
          </params>
          <reporter-output>
          </reporter-output>
        </test-method> <!-- flushReport -->
        <test-method signature="Notices_ApplyCategoryOnMergeFields()[pri:5, instance:TestCases.Notices@355ce81c]" started-at="2023-09-28T15:53:50 IST" name="Notices_ApplyCategoryOnMergeFields" finished-at="2023-09-28T15:53:50 IST" duration-ms="323" status="PASS">
          <reporter-output>
          </reporter-output>
        </test-method> <!-- Notices_ApplyCategoryOnMergeFields -->
        <test-method is-config="true" signature="flushReport(java.lang.reflect.Method,org.testng.ITestResult)[pri:0, instance:TestCases.Notices@355ce81c]" started-at="2023-09-28T15:53:50 IST" name="flushReport" finished-at="2023-09-28T15:53:50 IST" duration-ms="18" status="PASS">
          <params>
            <param index="0">
              <value>
                <![CDATA[public void TestCases.Notices.Notices_ApplyCategoryOnMergeFields() throws java.lang.InterruptedException]]>
              </value>
            </param>
            <param index="1">
              <value>
                <![CDATA[[TestResult name=Notices_ApplyCategoryOnMergeFields status=SUCCESS method=Notices.Notices_ApplyCategoryOnMergeFields()[pri:5, instance:TestCases.Notices@355ce81c] output={null}]]]>
              </value>
            </param>
          </params>
          <reporter-output>
          </reporter-output>
        </test-method> <!-- flushReport -->
        <test-method signature="Notices_VerifyMergeFieldsOnHtmleditor()[pri:6, instance:TestCases.Notices@355ce81c]" started-at="2023-09-28T15:53:50 IST" name="Notices_VerifyMergeFieldsOnHtmleditor" finished-at="2023-09-28T15:53:51 IST" duration-ms="414" status="PASS">
          <reporter-output>
          </reporter-output>
        </test-method> <!-- Notices_VerifyMergeFieldsOnHtmleditor -->
        <test-method is-config="true" signature="flushReport(java.lang.reflect.Method,org.testng.ITestResult)[pri:0, instance:TestCases.Notices@355ce81c]" started-at="2023-09-28T15:53:51 IST" name="flushReport" finished-at="2023-09-28T15:53:51 IST" duration-ms="23" status="PASS">
          <params>
            <param index="0">
              <value>
                <![CDATA[public void TestCases.Notices.Notices_VerifyMergeFieldsOnHtmleditor() throws java.lang.InterruptedException]]>
              </value>
            </param>
            <param index="1">
              <value>
                <![CDATA[[TestResult name=Notices_VerifyMergeFieldsOnHtmleditor status=SUCCESS method=Notices.Notices_VerifyMergeFieldsOnHtmleditor()[pri:6, instance:TestCases.Notices@355ce81c] output={null}]]]>
              </value>
            </param>
          </params>
          <reporter-output>
          </reporter-output>
        </test-method> <!-- flushReport -->
        <test-method signature="Notices_VerifyPreviewPopup()[pri:7, instance:TestCases.Notices@355ce81c]" started-at="2023-09-28T15:53:51 IST" name="Notices_VerifyPreviewPopup" finished-at="2023-09-28T15:53:51 IST" duration-ms="208" status="PASS">
          <reporter-output>
          </reporter-output>
        </test-method> <!-- Notices_VerifyPreviewPopup -->
        <test-method is-config="true" signature="flushReport(java.lang.reflect.Method,org.testng.ITestResult)[pri:0, instance:TestCases.Notices@355ce81c]" started-at="2023-09-28T15:53:51 IST" name="flushReport" finished-at="2023-09-28T15:53:51 IST" duration-ms="31" status="PASS">
          <params>
            <param index="0">
              <value>
                <![CDATA[public void TestCases.Notices.Notices_VerifyPreviewPopup() throws java.lang.InterruptedException]]>
              </value>
            </param>
            <param index="1">
              <value>
                <![CDATA[[TestResult name=Notices_VerifyPreviewPopup status=SUCCESS method=Notices.Notices_VerifyPreviewPopup()[pri:7, instance:TestCases.Notices@355ce81c] output={null}]]]>
              </value>
            </param>
          </params>
          <reporter-output>
          </reporter-output>
        </test-method> <!-- flushReport -->
        <test-method signature="Notices_CreateHtmlCaseNotice()[pri:8, instance:TestCases.Notices@355ce81c]" started-at="2023-09-28T15:53:51 IST" name="Notices_CreateHtmlCaseNotice" finished-at="2023-09-28T15:53:59 IST" duration-ms="7912" status="PASS">
          <reporter-output>
          </reporter-output>
        </test-method> <!-- Notices_CreateHtmlCaseNotice -->
        <test-method is-config="true" signature="flushReport(java.lang.reflect.Method,org.testng.ITestResult)[pri:0, instance:TestCases.Notices@355ce81c]" started-at="2023-09-28T15:53:59 IST" name="flushReport" finished-at="2023-09-28T15:53:59 IST" duration-ms="28" status="PASS">
          <params>
            <param index="0">
              <value>
                <![CDATA[public void TestCases.Notices.Notices_CreateHtmlCaseNotice() throws java.lang.InterruptedException]]>
              </value>
            </param>
            <param index="1">
              <value>
                <![CDATA[[TestResult name=Notices_CreateHtmlCaseNotice status=SUCCESS method=Notices.Notices_CreateHtmlCaseNotice()[pri:8, instance:TestCases.Notices@355ce81c] output={null}]]]>
              </value>
            </param>
          </params>
          <reporter-output>
          </reporter-output>
        </test-method> <!-- flushReport -->
        <test-method signature="Notices_CreateFADocumentHtmlNotice()[pri:9, instance:TestCases.Notices@355ce81c]" started-at="2023-09-28T15:53:59 IST" name="Notices_CreateFADocumentHtmlNotice" finished-at="2023-09-28T15:55:10 IST" duration-ms="71317" status="PASS">
          <reporter-output>
          </reporter-output>
        </test-method> <!-- Notices_CreateFADocumentHtmlNotice -->
        <test-method is-config="true" signature="flushReport(java.lang.reflect.Method,org.testng.ITestResult)[pri:0, instance:TestCases.Notices@355ce81c]" started-at="2023-09-28T15:55:10 IST" name="flushReport" finished-at="2023-09-28T15:55:10 IST" duration-ms="19" status="PASS">
          <params>
            <param index="0">
              <value>
                <![CDATA[public void TestCases.Notices.Notices_CreateFADocumentHtmlNotice() throws java.lang.InterruptedException]]>
              </value>
            </param>
            <param index="1">
              <value>
                <![CDATA[[TestResult name=Notices_CreateFADocumentHtmlNotice status=SUCCESS method=Notices.Notices_CreateFADocumentHtmlNotice()[pri:9, instance:TestCases.Notices@355ce81c] output={null}]]]>
              </value>
            </param>
          </params>
          <reporter-output>
          </reporter-output>
        </test-method> <!-- flushReport -->
        <test-method signature="Notices_VerifyEditNotices()[pri:10, instance:TestCases.Notices@355ce81c]" started-at="2023-09-28T15:55:10 IST" name="Notices_VerifyEditNotices" finished-at="2023-09-28T15:56:16 IST" duration-ms="66131" status="PASS">
          <reporter-output>
          </reporter-output>
        </test-method> <!-- Notices_VerifyEditNotices -->
        <test-method is-config="true" signature="flushReport(java.lang.reflect.Method,org.testng.ITestResult)[pri:0, instance:TestCases.Notices@355ce81c]" started-at="2023-09-28T15:56:16 IST" name="flushReport" finished-at="2023-09-28T15:56:16 IST" duration-ms="19" status="PASS">
          <params>
            <param index="0">
              <value>
                <![CDATA[public void TestCases.Notices.Notices_VerifyEditNotices() throws java.lang.InterruptedException]]>
              </value>
            </param>
            <param index="1">
              <value>
                <![CDATA[[TestResult name=Notices_VerifyEditNotices status=SUCCESS method=Notices.Notices_VerifyEditNotices()[pri:10, instance:TestCases.Notices@355ce81c] output={null}]]]>
              </value>
            </param>
          </params>
          <reporter-output>
          </reporter-output>
        </test-method> <!-- flushReport -->
        <test-method signature="Notices_VerifyCountOfNotices()[pri:11, instance:TestCases.Notices@355ce81c]" started-at="2023-09-28T15:56:16 IST" name="Notices_VerifyCountOfNotices" finished-at="2023-09-28T15:56:16 IST" duration-ms="83" status="PASS">
          <reporter-output>
          </reporter-output>
        </test-method> <!-- Notices_VerifyCountOfNotices -->
        <test-method is-config="true" signature="flushReport(java.lang.reflect.Method,org.testng.ITestResult)[pri:0, instance:TestCases.Notices@355ce81c]" started-at="2023-09-28T15:56:16 IST" name="flushReport" finished-at="2023-09-28T15:56:16 IST" duration-ms="19" status="PASS">
          <params>
            <param index="0">
              <value>
                <![CDATA[public void TestCases.Notices.Notices_VerifyCountOfNotices() throws java.lang.InterruptedException]]>
              </value>
            </param>
            <param index="1">
              <value>
                <![CDATA[[TestResult name=Notices_VerifyCountOfNotices status=SUCCESS method=Notices.Notices_VerifyCountOfNotices()[pri:11, instance:TestCases.Notices@355ce81c] output={null}]]]>
              </value>
            </param>
          </params>
          <reporter-output>
          </reporter-output>
        </test-method> <!-- flushReport -->
        <test-method signature="Notices_VerifyAutoPopulationOfNotices()[pri:12, instance:TestCases.Notices@355ce81c]" started-at="2023-09-28T15:56:16 IST" name="Notices_VerifyAutoPopulationOfNotices" finished-at="2023-09-28T15:56:16 IST" duration-ms="0" status="PASS">
          <reporter-output>
          </reporter-output>
        </test-method> <!-- Notices_VerifyAutoPopulationOfNotices -->
        <test-method is-config="true" signature="flushReport(java.lang.reflect.Method,org.testng.ITestResult)[pri:0, instance:TestCases.Notices@355ce81c]" started-at="2023-09-28T15:56:16 IST" name="flushReport" finished-at="2023-09-28T15:56:16 IST" duration-ms="18" status="PASS">
          <params>
            <param index="0">
              <value>
                <![CDATA[public void TestCases.Notices.Notices_VerifyAutoPopulationOfNotices() throws java.lang.InterruptedException]]>
              </value>
            </param>
            <param index="1">
              <value>
                <![CDATA[[TestResult name=Notices_VerifyAutoPopulationOfNotices status=SUCCESS method=Notices.Notices_VerifyAutoPopulationOfNotices()[pri:12, instance:TestCases.Notices@355ce81c] output={null}]]]>
              </value>
            </param>
          </params>
          <reporter-output>
          </reporter-output>
        </test-method> <!-- flushReport -->
        <test-method is-config="true" signature="closeDriver()[pri:0, instance:TestCases.Notices@355ce81c]" started-at="2023-09-28T15:56:16 IST" name="closeDriver" finished-at="2023-09-28T15:56:17 IST" duration-ms="299" status="PASS">
          <reporter-output>
          </reporter-output>
        </test-method> <!-- closeDriver -->
      </class> <!-- TestCases.Notices -->
    </test> <!-- Test -->
  </suite> <!-- Suite -->
</testng-results>
